{
  "stats": {
    "suites": 1,
    "tests": 5,
    "passes": 5,
    "pending": 0,
    "failures": 0,
    "start": "2022-04-07T15:27:43.485Z",
    "end": "2022-04-07T15:28:10.524Z",
    "duration": 27039,
    "testsRegistered": 5,
    "passPercent": 100,
    "pendingPercent": 0,
    "other": 0,
    "hasOther": false,
    "skipped": 0,
    "hasSkipped": false
  },
  "results": [
    {
      "uuid": "d80cc64e-2312-46dd-a0d1-3747f12875e5",
      "title": "",
      "fullFile": "cypress/integration/Validatelogin.js",
      "file": "cypress/integration/Validatelogin.js",
      "beforeHooks": [],
      "afterHooks": [],
      "tests": [],
      "suites": [
        {
          "uuid": "ed033df8-4a0d-43d9-9635-5de59a6ee213",
          "title": "Validate login page",
          "fullFile": "",
          "file": "",
          "beforeHooks": [],
          "afterHooks": [],
          "tests": [
            {
              "title": "login validation",
              "fullTitle": "Validate login page login validation",
              "timedOut": null,
              "duration": 12373,
              "state": "passed",
              "speed": "slow",
              "pass": true,
              "fail": false,
              "pending": false,
              "context": null,
              "code": "cy.visit('https://login.sentryc.com/auth/login');\ncy.get(':nth-child(1) > .base-borders').type('abc@gmail.com');\ncy.get(':nth-child(2) > .base-borders').type('Abc123$$');\ncy.get('form').submit();",
              "err": {},
              "uuid": "81ba88e3-3468-41af-9574-a3496d6a11ed",
              "parentUUID": "ed033df8-4a0d-43d9-9635-5de59a6ee213",
              "isHook": false,
              "skipped": false
            },
            {
              "title": "invalid login validation",
              "fullTitle": "Validate login page invalid login validation",
              "timedOut": null,
              "duration": 4163,
              "state": "passed",
              "speed": "fast",
              "pass": true,
              "fail": false,
              "pending": false,
              "context": null,
              "code": "cy.visit('https://login.sentryc.com/auth/login');\ncy.get(':nth-child(1) > .base-borders').type('abc@gmail.com');\ncy.get(':nth-child(2) > .base-borders').type('Xyz321$$');\ncy.get('form').submit();",
              "err": {},
              "uuid": "0cb7b271-e887-41f1-a7c4-e80414cc3076",
              "parentUUID": "ed033df8-4a0d-43d9-9635-5de59a6ee213",
              "isHook": false,
              "skipped": false
            },
            {
              "title": "forgot password page",
              "fullTitle": "Validate login page forgot password page",
              "timedOut": null,
              "duration": 795,
              "state": "passed",
              "speed": "fast",
              "pass": true,
              "fail": false,
              "pending": false,
              "context": null,
              "code": "cy.visit('https://login.sentryc.com/auth/login');\ncy.get(':nth-child(4) > .base-text').click();",
              "err": {},
              "uuid": "916e295b-4590-47aa-86f4-68b1944eb0d6",
              "parentUUID": "ed033df8-4a0d-43d9-9635-5de59a6ee213",
              "isHook": false,
              "skipped": false
            },
            {
              "title": "forgot password page validation",
              "fullTitle": "Validate login page forgot password page validation",
              "timedOut": null,
              "duration": 2479,
              "state": "passed",
              "speed": "fast",
              "pass": true,
              "fail": false,
              "pending": false,
              "context": null,
              "code": "cy.visit('https://login.sentryc.com/auth/login');\ncy.get(':nth-child(4) > .base-text').click();\ncy.get(':nth-child(1) > .base-borders').type('abc@gmail.com');\ncy.get('form').submit();",
              "err": {},
              "uuid": "d8f826e4-e6f7-45a4-813b-6816fd2a9623",
              "parentUUID": "ed033df8-4a0d-43d9-9635-5de59a6ee213",
              "isHook": false,
              "skipped": false
            },
            {
              "title": "Terms and Conditions page page validation",
              "fullTitle": "Validate login page Terms and Conditions page page validation",
              "timedOut": null,
              "duration": 1549,
              "state": "passed",
              "speed": "fast",
              "pass": true,
              "fail": false,
              "pending": false,
              "context": null,
              "code": "cy.visit('https://login.sentryc.com/auth/login');\ncy.get('[href=\"/terms\"]').click();\ncy.visit('https://login.sentryc.com/auth/login');\ncy.get('[href=\"/conditions\"]').click();",
              "err": {},
              "uuid": "913e0327-04dc-4aab-b5d4-3c5ff4ba122a",
              "parentUUID": "ed033df8-4a0d-43d9-9635-5de59a6ee213",
              "isHook": false,
              "skipped": false
            }
          ],
          "suites": [],
          "passes": [
            "81ba88e3-3468-41af-9574-a3496d6a11ed",
            "0cb7b271-e887-41f1-a7c4-e80414cc3076",
            "916e295b-4590-47aa-86f4-68b1944eb0d6",
            "d8f826e4-e6f7-45a4-813b-6816fd2a9623",
            "913e0327-04dc-4aab-b5d4-3c5ff4ba122a"
          ],
          "failures": [],
          "pending": [],
          "skipped": [],
          "duration": 21359,
          "root": false,
          "rootEmpty": false,
          "_timeout": 2000
        }
      ],
      "passes": [],
      "failures": [],
      "pending": [],
      "skipped": [],
      "duration": 0,
      "root": true,
      "rootEmpty": true,
      "_timeout": 2000
    }
  ],
  "meta": {
    "mocha": {
      "version": "7.0.1"
    },
    "mochawesome": {
      "options": {
        "quiet": false,
        "reportFilename": "report",
        "saveHtml": true,
        "saveJson": true,
        "consoleReporter": "spec",
        "useInlineDiffs": false,
        "code": true
      },
      "version": "7.1.3"
    },
    "marge": {
      "options": {
        "charts": false,
        "html": true,
        "json": true,
        "reportDir": "cypress/reports",
        "reportFilename": "report"
      },
      "version": "6.2.0"
    }
  }
}