{
  "stats": {
    "suites": 1,
    "tests": 5,
    "passes": 5,
    "pending": 0,
    "failures": 0,
    "start": "2022-04-07T22:59:57.790Z",
    "end": "2022-04-07T23:00:16.560Z",
    "duration": 18770,
    "testsRegistered": 5,
    "passPercent": 100,
    "pendingPercent": 0,
    "other": 0,
    "hasOther": false,
    "skipped": 0,
    "hasSkipped": false
  },
  "results": [
    {
      "uuid": "1ab76e10-fb23-431f-b83d-961f0c840483",
      "title": "",
      "fullFile": "cypress/integration/Validatelogin.js",
      "file": "cypress/integration/Validatelogin.js",
      "beforeHooks": [],
      "afterHooks": [],
      "tests": [],
      "suites": [
        {
          "uuid": "4f155a81-260b-4a29-a31e-e5f74f3a2063",
          "title": "Validate login page",
          "fullFile": "",
          "file": "",
          "beforeHooks": [],
          "afterHooks": [],
          "tests": [
            {
              "title": "login validation",
              "fullTitle": "Validate login page login validation",
              "timedOut": null,
              "duration": 9602,
              "state": "passed",
              "speed": "medium",
              "pass": true,
              "fail": false,
              "pending": false,
              "context": null,
              "code": "cy.visit('https://login.sentryc.com/auth/login');\ncy.get(':nth-child(1) > .base-borders').type('abc@gmail.com');\ncy.get(':nth-child(2) > .base-borders').type('Abc123$$');\ncy.get('form').submit();",
              "err": {},
              "uuid": "877cbc33-a4d4-4822-9002-dd8b7448f8ab",
              "parentUUID": "4f155a81-260b-4a29-a31e-e5f74f3a2063",
              "isHook": false,
              "skipped": false
            },
            {
              "title": "invalid login validation",
              "fullTitle": "Validate login page invalid login validation",
              "timedOut": null,
              "duration": 163,
              "state": "passed",
              "speed": "fast",
              "pass": true,
              "fail": false,
              "pending": false,
              "context": null,
              "code": "cy.visit('https://login.sentryc.com/auth/login');\ncy.get(':nth-child(1) > .base-borders').type('abc@gmail.com');\ncy.get(':nth-child(2) > .base-borders').type('Xyz321$$');\ncy.get('form').submit();",
              "err": {},
              "uuid": "af1a10c0-d120-43ca-b227-c3165a42568c",
              "parentUUID": "4f155a81-260b-4a29-a31e-e5f74f3a2063",
              "isHook": false,
              "skipped": false
            },
            {
              "title": "forgot password page",
              "fullTitle": "Validate login page forgot password page",
              "timedOut": null,
              "duration": 1238,
              "state": "passed",
              "speed": "fast",
              "pass": true,
              "fail": false,
              "pending": false,
              "context": null,
              "code": "cy.visit('https://login.sentryc.com/auth/login');\ncy.get(':nth-child(4) > .base-text').click();",
              "err": {},
              "uuid": "0185a539-56a0-4002-aaa6-b27f024eb745",
              "parentUUID": "4f155a81-260b-4a29-a31e-e5f74f3a2063",
              "isHook": false,
              "skipped": false
            },
            {
              "title": "forgot password page validation",
              "fullTitle": "Validate login page forgot password page validation",
              "timedOut": null,
              "duration": 1897,
              "state": "passed",
              "speed": "fast",
              "pass": true,
              "fail": false,
              "pending": false,
              "context": null,
              "code": "cy.visit('https://login.sentryc.com/auth/login');\ncy.get(':nth-child(4) > .base-text').click();\ncy.get(':nth-child(1) > .base-borders').type('abc@gmail.com');\ncy.get('form').submit();",
              "err": {},
              "uuid": "cbf84fa5-b2a4-479f-9515-1b04350df52f",
              "parentUUID": "4f155a81-260b-4a29-a31e-e5f74f3a2063",
              "isHook": false,
              "skipped": false
            },
            {
              "title": "Terms and Conditions page page validation",
              "fullTitle": "Validate login page Terms and Conditions page page validation",
              "timedOut": null,
              "duration": 1298,
              "state": "passed",
              "speed": "fast",
              "pass": true,
              "fail": false,
              "pending": false,
              "context": null,
              "code": "cy.visit('https://login.sentryc.com/auth/login');\ncy.get('[href=\"/terms\"]').click();\ncy.visit('https://login.sentryc.com/auth/login');\ncy.get('[href=\"/conditions\"]').click();",
              "err": {},
              "uuid": "c0c45653-edb5-4c3d-b4fe-8ad748dde34d",
              "parentUUID": "4f155a81-260b-4a29-a31e-e5f74f3a2063",
              "isHook": false,
              "skipped": false
            }
          ],
          "suites": [],
          "passes": [
            "877cbc33-a4d4-4822-9002-dd8b7448f8ab",
            "af1a10c0-d120-43ca-b227-c3165a42568c",
            "0185a539-56a0-4002-aaa6-b27f024eb745",
            "cbf84fa5-b2a4-479f-9515-1b04350df52f",
            "c0c45653-edb5-4c3d-b4fe-8ad748dde34d"
          ],
          "failures": [],
          "pending": [],
          "skipped": [],
          "duration": 14198,
          "root": false,
          "rootEmpty": false,
          "_timeout": 2000
        }
      ],
      "passes": [],
      "failures": [],
      "pending": [],
      "skipped": [],
      "duration": 0,
      "root": true,
      "rootEmpty": true,
      "_timeout": 2000
    }
  ],
  "meta": {
    "mocha": {
      "version": "7.0.1"
    },
    "mochawesome": {
      "options": {
        "quiet": false,
        "reportFilename": "mochawesome",
        "saveHtml": true,
        "saveJson": true,
        "consoleReporter": "spec",
        "useInlineDiffs": false,
        "code": true
      },
      "version": "7.1.3"
    },
    "marge": {
      "options": {
        "html": true,
        "json": true
      },
      "version": "6.2.0"
    }
  }
}